[2026-01-05 22:46:09] [ATTACK] [ATTACK_START] Attack started: Dictionary Attack on md5 hash
[2026-01-05 22:46:29] [ATTACK] [ATTACK_START] Attack started: Dictionary Attack on md5 hash
[2026-01-05 22:46:30] [ATTACK] [ATTACK_START] Attack started: Dictionary Attack on md5 hash
[2026-01-05 22:46:30] [ATTACK] [ATTACK_START] Attack started: Dictionary Attack on md5 hash
[2026-01-05 22:46:30] [ATTACK] [ATTACK_START] Attack started: Dictionary Attack on md5 hash
[2026-01-05 22:46:43] [ATTACK] [ATTACK_START] Attack started: Hashcat Attack on md5 hash
[2026-01-05 22:46:50] [ATTACK] [ATTACK_START] Attack started: Hybrid Attack on md5 hash
[2026-01-05 22:57:06] [ATTACK] [ATTACK_START] Attack started: Hashcat Attack on md5 hash
[2026-01-05 23:01:06] [ATTACK] [ATTACK_START] Attack started: Hybrid Attack on md5 hash
[2026-01-05 23:01:12] [ATTACK] [ATTACK_START] Attack started: Hashcat Attack on md5 hash
[2026-01-05 23:01:58] [ATTACK] [ATTACK_START] Attack started: Hashcat Attack on sha256 hash
[2026-01-05 23:06:34] [ATTACK] [ATTACK_START] Attack started: Hashcat Attack on sha256 hash
[2026-01-05 23:07:31] [ATTACK] [ATTACK_START] Attack started: Hashcat Attack on sha256 hash
[2026-01-05 23:07:43] [ATTACK] [ATTACK_START] Attack started: Hashcat Attack on sha256 hash
[2026-01-05 23:08:03] [ATTACK] [ATTACK_START] Attack started: Dictionary Attack on sha256 hash
[2026-01-05 23:08:10] [ATTACK] [ATTACK_START] Attack started: Dictionary Attack on sha256 hash
[2026-01-05 23:08:23] [ATTACK] [ATTACK_START] Attack started: Dictionary Attack on sha256 hash
[2026-01-05 23:08:31] [ATTACK] [ATTACK_START] Attack started: Brute Force Attack on sha256 hash
[2026-01-05 23:08:37] [ATTACK] [ATTACK_START] Attack started: Brute Force Attack on sha256 hash
[2026-01-05 23:08:48] [ATTACK] [ATTACK_START] Attack started: Hashcat Attack on sha256 hash
[2026-01-05 23:09:00] [ATTACK] [ATTACK_START] Attack started: Hybrid Attack on sha256 hash
[2026-01-05 23:09:28] [ATTACK] [ATTACK_START] Attack started: Hashcat Attack on sha256 hash
[2026-01-05 23:13:36] [ATTACK] [ATTACK_START] Attack started: Hashcat Attack on md5 hash
[2026-01-05 23:13:42] [ATTACK] [ATTACK_START] Attack started: Hashcat Attack on sha256 hash
[2026-01-05 23:16:06] [ATTACK] [ATTACK_START] Attack started: Brute Force Attack on sha256 hash
[2026-01-05 23:16:14] [ATTACK] [ATTACK_START] Attack started: Brute Force Attack on sha256 hash
[2026-01-05 23:39:09] [ATTACK] [ATTACK_START] Attack started: Dictionary Attack on md5 hash
[2026-01-05 23:39:29] [ATTACK] [ATTACK_START] Attack started: Brute Force Attack on md5 hash
[2026-01-05 23:40:17] [ATTACK] [ATTACK_START] Attack started: Hybrid Attack on md5 hash
[2026-01-05 23:40:37] [ATTACK] [ATTACK_START] Attack started: Hybrid Attack on md5 hash
[2026-01-05 23:40:45] [ATTACK] [ATTACK_START] Attack started: Hashcat Attack on md5 hash
[2026-01-05 23:47:43] [ATTACK] [ATTACK_START] Attack started: Dictionary Attack on md5 hash
[2026-01-05 23:50:15] [ATTACK] [ATTACK_START] Attack started: Dictionary Attack on md5 hash
[2026-01-05 23:50:27] [ATTACK] [ATTACK_START] Attack started: Brute Force Attack on md5 hash
[2026-01-05 23:55:18] [ATTACK] [ATTACK_START] Attack started: Dictionary Attack on md5 hash
[2026-01-05 23:55:28] [ATTACK] [ATTACK_START] Attack started: Dictionary Attack on md5 hash
[2026-01-05 23:56:43] [ATTACK] [ATTACK_START] Attack started: Dictionary Attack on md5 hash
[2026-01-05 23:58:37] [ATTACK] [ATTACK_START] Attack started: Dictionary Attack on md5 hash
[2026-01-05 23:58:47] [ATTACK] [ATTACK_START] Attack started: Hybrid Attack on md5 hash
[2026-01-05 23:58:51] [ATTACK] [ATTACK_START] Attack started: Hashcat Attack on md5 hash
[2026-01-06 00:06:00] [ATTACK] [ATTACK_START] Attack started: Dictionary Attack on md5 hash
[2026-01-06 00:07:04] [ATTACK] [ATTACK_START] Attack started: Dictionary Attack on md5 hash
[2026-01-06 00:07:43] [ATTACK] [ATTACK_START] Attack started: Dictionary Attack on md5 hash
[2026-01-06 00:08:57] [ATTACK] [ATTACK_START] Attack started: Dictionary Attack on md5 hash
[2026-01-06 00:09:12] [ATTACK] [ATTACK_START] Attack started: Brute Force Attack on md5 hash
[2026-01-06 04:46:47] [ATTACK] [ATTACK_START] Attack started: Dictionary Attack on md5 hash
[2026-01-06 04:46:55] [ATTACK] [ATTACK_START] Attack started: Brute Force Attack on md5 hash
[2026-01-06 04:47:35] [ATTACK] [ATTACK_START] Attack started: Brute Force Attack on md5 hash
[2026-01-06 04:48:06] [ATTACK] [ATTACK_START] Attack started: Hybrid Attack on md5 hash
